<?xml version="1.0" encoding="UTF-8" ?>
<testsuite errors="0" failures="0" hostname="gelee-macbook-pro.local" name="org.wattdepot.datainput.TestVerisRowParser" tests="5" time="0.093" timestamp="2011-02-20T06:36:06">
  <properties>
[...]
</properties>
  <testcase classname="org.wattdepot.datainput.TestVerisRowParser" name="testValidRow" time="0.02" />
  <testcase classname="org.wattdepot.datainput.TestVerisRowParser" name="testMissingColumns" time="0.0010" />
  <testcase classname="org.wattdepot.datainput.TestVerisRowParser" name="testEmptyRow" time="0.0" />
  <testcase classname="org.wattdepot.datainput.TestVerisRowParser" name="testNullRow" time="0.0010" />
  <testcase classname="org.wattdepot.datainput.TestVerisRowParser" name="testBogusColumns" time="0.0020" />
  <system-out><![CDATA[]]></system-out>
  <system-err><![CDATA[]]></system-err>
</testsuite>
